<?xml version="1.0" encoding="UTF-8"?>
<testsuite name="TestCode" tests="1" skipped="0" failures="0" errors="0" timestamp="2022-07-09T05:46:32" hostname="DESKTOP-10O3FIM" time="0.079">
  <properties/>
  <testcase name="ballCheck()" classname="TestCode" time="0.079"/>
  <system-out><![CDATA[]]></system-out>
  <system-err><![CDATA[]]></system-err>
</testsuite>
